<?xml version="1.0" encoding="UTF-8"?>
<!-- Generated by org.testng.reporters.JUnitXMLReporter -->
<testsuite hostname="anirban-hp-notebook" ignored="1" name="Default test" tests="1" failures="0" timestamp="2022-07-18T20:15:48 IST" time="16.984" errors="0">
  <testcase name="fillDetailsTest" time="3.673" classname="com.mmt.tescases.HomePageTest"/>
  <testcase name="verifyHomePageTitle" time="0.0" classname="com.mmt.tescases.HomePageTest">
    <ignored/>
  </testcase> <!-- verifyHomePageTitle -->
</testsuite> <!-- Default test -->
